0 info it worked if it ends with ok
1 verbose cli [
1 verbose cli   'C:\\Program Files\\nodejs\\node.exe',
1 verbose cli   'C:\\Program Files\\nodejs\\node_modules\\npm\\bin\\npm-cli.js',
1 verbose cli   'build',
1 verbose cli   'dev'
1 verbose cli ]
2 info using npm@6.14.14
3 info using node@v14.17.4
4 info build C:\dev\freelas\sorteio-front-2022\my-gopro-app\dev
5 verbose stack Error: ENOENT: no such file or directory, open 'C:\dev\freelas\sorteio-front-2022\my-gopro-app\dev\package.json'
6 verbose cwd C:\dev\freelas\sorteio-front-2022\my-gopro-app
7 verbose Windows_NT 10.0.19044
8 verbose argv "C:\\Program Files\\nodejs\\node.exe" "C:\\Program Files\\nodejs\\node_modules\\npm\\bin\\npm-cli.js" "build" "dev"
9 verbose node v14.17.4
10 verbose npm  v6.14.14
11 error code ENOENT
12 error syscall open
13 error path C:\dev\freelas\sorteio-front-2022\my-gopro-app\dev\package.json
14 error errno -4058
15 error enoent ENOENT: no such file or directory, open 'C:\dev\freelas\sorteio-front-2022\my-gopro-app\dev\package.json'
16 error enoent This is related to npm not being able to find a file.
17 verbose exit [ -4058, true ]
